<?xml version="1.0" encoding="UTF-8"?>
<testng-results ignored="0" total="1" passed="1" failed="0" skipped="0">
  <reporter-output>
  </reporter-output>
  <suite started-at="2022-02-04T16:53:37 IST" name="Default suite" finished-at="2022-02-04T16:54:23 IST" duration-ms="46042">
    <groups>
    </groups>
    <test started-at="2022-02-04T16:53:37 IST" name="Default test" finished-at="2022-02-04T16:54:23 IST" duration-ms="46042">
      <class name="TestClasses.SFtest">
        <test-method is-config="true" signature="initialize()[pri:0, instance:TestClasses.SFtest@4f18837a]" started-at="2022-02-04T16:53:37 IST" name="initialize" finished-at="2022-02-04T16:53:46 IST" duration-ms="9612" status="PASS">
          <reporter-output>
          </reporter-output>
        </test-method> <!-- initialize -->
        <test-method is-config="true" signature="beforeMethod()[pri:0, instance:TestClasses.SFtest@4f18837a]" started-at="2022-02-04T16:53:46 IST" name="beforeMethod" finished-at="2022-02-04T16:53:46 IST" duration-ms="43" status="PASS">
          <reporter-output>
          </reporter-output>
        </test-method> <!-- beforeMethod -->
        <test-method signature="test1()[pri:0, instance:TestClasses.SFtest@4f18837a]" started-at="2022-02-04T16:53:46 IST" name="test1" finished-at="2022-02-04T16:54:22 IST" duration-ms="35247" status="PASS">
          <reporter-output>
          </reporter-output>
        </test-method> <!-- test1 -->
        <test-method is-config="true" signature="closeBrowser()[pri:0, instance:TestClasses.SFtest@4f18837a]" started-at="2022-02-04T16:54:22 IST" name="closeBrowser" finished-at="2022-02-04T16:54:23 IST" duration-ms="1074" status="PASS">
          <reporter-output>
          </reporter-output>
        </test-method> <!-- closeBrowser -->
      </class> <!-- TestClasses.SFtest -->
    </test> <!-- Default test -->
  </suite> <!-- Default suite -->
</testng-results>
